<?xml version="1.0" encoding="UTF-8"?>
<testsuite xmlns:xsi="http://www.w3.org/2001/XMLSchema-instance" xsi:noNamespaceSchemaLocation="https://maven.apache.org/surefire/maven-surefire-plugin/xsd/surefire-test-report-3.0.xsd" version="3.0" name="LearnMaven.MavenSecondTest" time="0.612" tests="1" errors="0" skipped="0" failures="0">
  <properties>
[...]
</properties>
  <testcase name="MavenMethod1" classname="LearnMaven.MavenSecondTest" time="0.005">
    <system-out><![CDATA[Hello its first maven method
]]></system-out>
  </testcase>
</testsuite>